<?xml version="1.0" encoding="UTF-8"?>
<testsuite xmlns:xsi="http://www.w3.org/2001/XMLSchema-instance" xsi:noNamespaceSchemaLocation="https://maven.apache.org/surefire/maven-surefire-plugin/xsd/surefire-test-report-3.0.xsd" version="3.0" name="com.example.landingpage.controller.ContactControllerTest" time="5.057" tests="2" errors="0" skipped="0" failures="0">
  <properties>
[...]
</properties>
  <testcase name="testGetIndex" classname="com.example.landingpage.controller.ContactControllerTest" time="1.603">
    <system-out><![CDATA[22:04:11.036 [main] INFO org.springframework.test.context.support.AnnotationConfigContextLoaderUtils -- Could not detect default configuration classes for test class [com.example.landingpage.controller.ContactControllerTest]: ContactControllerTest does not declare any static, non-private, non-final, nested classes annotated with @Configuration.
22:04:11.312 [main] INFO org.springframework.boot.test.context.SpringBootTestContextBootstrapper -- Found @SpringBootConfiguration com.example.landingpage.LandingPageApplication for test class com.example.landingpage.controller.ContactControllerTest

  .   ____          _            __ _ _
 /\\ / ___'_ __ _ _(_)_ __  __ _ \ \ \ \
( ( )\___ | '_ | '_| | '_ \/ _` | \ \ \ \
 \\/  ___)| |_)| | | | | || (_| |  ) ) ) )
  '  |____| .__|_| |_|_| |_\__, | / / / /
 =========|_|==============|___/=/_/_/_/

 :: Spring Boot ::                (v3.3.1)

2026-07-06T22:04:12.093+05:30  INFO 10600 --- [           main] c.e.l.controller.ContactControllerTest   : Starting ContactControllerTest using Java 25.0.3 with PID 10600 (started by NVS Praveen in C:\Users\NVS Praveen\Downloads\Employee Management\landing-page)
2026-07-06T22:04:12.095+05:30  INFO 10600 --- [           main] c.e.l.controller.ContactControllerTest   : No active profile set, falling back to 1 default profile: "default"
2026-07-06T22:04:13.542+05:30  INFO 10600 --- [           main] o.s.b.a.w.s.WelcomePageHandlerMapping    : Adding welcome page template: index
2026-07-06T22:04:14.010+05:30  INFO 10600 --- [           main] o.s.b.t.m.w.SpringBootMockServletContext : Initializing Spring TestDispatcherServlet ''
2026-07-06T22:04:14.011+05:30  INFO 10600 --- [           main] o.s.t.web.servlet.TestDispatcherServlet  : Initializing Servlet ''
2026-07-06T22:04:14.015+05:30  INFO 10600 --- [           main] o.s.t.web.servlet.TestDispatcherServlet  : Completed initialization in 2 ms
2026-07-06T22:04:14.119+05:30  INFO 10600 --- [           main] c.e.l.controller.ContactControllerTest   : Started ContactControllerTest in 2.652 seconds (process running for 4.625)
]]></system-out>
    <system-err><![CDATA[WARNING: A Java agent has been loaded dynamically (C:\Users\NVS Praveen\.m2\repository\net\bytebuddy\byte-buddy-agent\1.14.17\byte-buddy-agent-1.14.17.jar)
WARNING: If a serviceability tool is in use, please run with -XX:+EnableDynamicAgentLoading to hide this warning
WARNING: If a serviceability tool is not in use, please run with -Djdk.instrument.traceUsage for more information
WARNING: Dynamic loading of agents will be disallowed by default in a future release
]]></system-err>
  </testcase>
  <testcase name="testPostContact" classname="com.example.landingpage.controller.ContactControllerTest" time="0.049">
    <system-out><![CDATA[==============================
Contact Form Submitted

Name: Jane Doe
Email: jane.doe@example.com
Message: Hello, this is a test message.
==============================
]]></system-out>
  </testcase>
</testsuite>